CRITICAL - 2022-04-01 18:05:42 --> syntax error, unexpected token ";", expecting "]"
#0 C:\xampp\htdocs\lasBorregas\system\Autoloader\Autoloader.php(241): CodeIgniter\Autoloader\Autoloader->includeFile('C:\\xampp\\htdocs...')
#1 C:\xampp\htdocs\lasBorregas\system\Autoloader\Autoloader.php(219): CodeIgniter\Autoloader\Autoloader->loadInNamespace('Config\\Filters')
#2 [internal function]: CodeIgniter\Autoloader\Autoloader->loadClass('Config\\Filters')
#3 C:\xampp\htdocs\lasBorregas\system\Config\Factories.php(136): class_exists('Config\\Filters')
#4 C:\xampp\htdocs\lasBorregas\system\Config\Factories.php(106): CodeIgniter\Config\Factories::locateClass(Array, 'Filters')
#5 C:\xampp\htdocs\lasBorregas\system\Common.php(198): CodeIgniter\Config\Factories::__callStatic('config', Array)
#6 C:\xampp\htdocs\lasBorregas\system\Config\Services.php(258): config('Filters')
#7 C:\xampp\htdocs\lasBorregas\system\Config\BaseService.php(248): CodeIgniter\Config\Services::filters(NULL, false)
#8 C:\xampp\htdocs\lasBorregas\system\Config\BaseService.php(189): CodeIgniter\Config\BaseService::__callStatic('filters', Array)
#9 C:\xampp\htdocs\lasBorregas\system\Config\Services.php(255): CodeIgniter\Config\BaseService::getSharedInstance('filters', NULL)
#10 C:\xampp\htdocs\lasBorregas\system\Config\BaseService.php(248): CodeIgniter\Config\Services::filters()
#11 C:\xampp\htdocs\lasBorregas\system\CodeIgniter.php(366): CodeIgniter\Config\BaseService::__callStatic('filters', Array)
#12 C:\xampp\htdocs\lasBorregas\system\CodeIgniter.php(320): CodeIgniter\CodeIgniter->handleRequest(NULL, Object(Config\Cache), false)
#13 C:\xampp\htdocs\lasBorregas\public\index.php(37): CodeIgniter\CodeIgniter->run()
#14 {main}
CRITICAL - 2022-04-01 18:05:53 --> syntax error, unexpected token ";", expecting "]"
#0 C:\xampp\htdocs\lasBorregas\system\Autoloader\Autoloader.php(241): CodeIgniter\Autoloader\Autoloader->includeFile('C:\\xampp\\htdocs...')
#1 C:\xampp\htdocs\lasBorregas\system\Autoloader\Autoloader.php(219): CodeIgniter\Autoloader\Autoloader->loadInNamespace('Config\\Filters')
#2 [internal function]: CodeIgniter\Autoloader\Autoloader->loadClass('Config\\Filters')
#3 C:\xampp\htdocs\lasBorregas\system\Config\Factories.php(136): class_exists('Config\\Filters')
#4 C:\xampp\htdocs\lasBorregas\system\Config\Factories.php(106): CodeIgniter\Config\Factories::locateClass(Array, 'Filters')
#5 C:\xampp\htdocs\lasBorregas\system\Common.php(198): CodeIgniter\Config\Factories::__callStatic('config', Array)
#6 C:\xampp\htdocs\lasBorregas\system\Config\Services.php(258): config('Filters')
#7 C:\xampp\htdocs\lasBorregas\system\Config\BaseService.php(248): CodeIgniter\Config\Services::filters(NULL, false)
#8 C:\xampp\htdocs\lasBorregas\system\Config\BaseService.php(189): CodeIgniter\Config\BaseService::__callStatic('filters', Array)
#9 C:\xampp\htdocs\lasBorregas\system\Config\Services.php(255): CodeIgniter\Config\BaseService::getSharedInstance('filters', NULL)
#10 C:\xampp\htdocs\lasBorregas\system\Config\BaseService.php(248): CodeIgniter\Config\Services::filters()
#11 C:\xampp\htdocs\lasBorregas\system\CodeIgniter.php(366): CodeIgniter\Config\BaseService::__callStatic('filters', Array)
#12 C:\xampp\htdocs\lasBorregas\system\CodeIgniter.php(320): CodeIgniter\CodeIgniter->handleRequest(NULL, Object(Config\Cache), false)
#13 C:\xampp\htdocs\lasBorregas\public\index.php(37): CodeIgniter\CodeIgniter->run()
#14 {main}
