CRITICAL - 2022-03-24 01:06:56 --> Allowed fields must be specified for model: App\Models\ClientesModel
#0 C:\xampp\htdocs\lasBorregas\system\BaseModel.php(1138): CodeIgniter\Database\Exceptions\DataException::forInvalidAllowedFields('App\\Models\\Clie...')
#1 C:\xampp\htdocs\lasBorregas\system\BaseModel.php(713): CodeIgniter\BaseModel->doProtectFields(Array)
#2 C:\xampp\htdocs\lasBorregas\system\Model.php(625): CodeIgniter\BaseModel->insert(Array, true)
#3 C:\xampp\htdocs\lasBorregas\app\Controllers\ApiController.php(70): CodeIgniter\Model->insert(Array)
#4 C:\xampp\htdocs\lasBorregas\system\CodeIgniter.php(825): App\Controllers\ApiController->addCliente()
#5 C:\xampp\htdocs\lasBorregas\system\CodeIgniter.php(412): CodeIgniter\CodeIgniter->runController(Object(App\Controllers\ApiController))
#6 C:\xampp\htdocs\lasBorregas\system\CodeIgniter.php(320): CodeIgniter\CodeIgniter->handleRequest(NULL, Object(Config\Cache), false)
#7 C:\xampp\htdocs\lasBorregas\public\index.php(37): CodeIgniter\CodeIgniter->run()
#8 {main}
CRITICAL - 2022-03-24 01:12:09 --> Allowed fields must be specified for model: App\Models\ClientesModel
#0 C:\xampp\htdocs\lasBorregas\system\BaseModel.php(1138): CodeIgniter\Database\Exceptions\DataException::forInvalidAllowedFields('App\\Models\\Clie...')
#1 C:\xampp\htdocs\lasBorregas\system\BaseModel.php(713): CodeIgniter\BaseModel->doProtectFields(Array)
#2 C:\xampp\htdocs\lasBorregas\system\Model.php(625): CodeIgniter\BaseModel->insert(Array, true)
#3 C:\xampp\htdocs\lasBorregas\app\Controllers\ApiController.php(70): CodeIgniter\Model->insert(Array)
#4 C:\xampp\htdocs\lasBorregas\system\CodeIgniter.php(825): App\Controllers\ApiController->addCliente()
#5 C:\xampp\htdocs\lasBorregas\system\CodeIgniter.php(412): CodeIgniter\CodeIgniter->runController(Object(App\Controllers\ApiController))
#6 C:\xampp\htdocs\lasBorregas\system\CodeIgniter.php(320): CodeIgniter\CodeIgniter->handleRequest(NULL, Object(Config\Cache), false)
#7 C:\xampp\htdocs\lasBorregas\public\index.php(37): CodeIgniter\CodeIgniter->run()
#8 {main}
ERROR - 2022-03-24 01:16:34 --> Column 'cl_apaterno' cannot be null
CRITICAL - 2022-03-24 01:16:34 --> Column 'cl_apaterno' cannot be null
#0 C:\xampp\htdocs\lasBorregas\system\Database\MySQLi\Connection.php(292): mysqli->query('INSERT INTO `cl...', 0)
#1 C:\xampp\htdocs\lasBorregas\system\Database\BaseConnection.php(670): CodeIgniter\Database\MySQLi\Connection->execute('INSERT INTO `cl...')
#2 C:\xampp\htdocs\lasBorregas\system\Database\BaseConnection.php(598): CodeIgniter\Database\BaseConnection->simpleQuery('INSERT INTO `cl...')
#3 C:\xampp\htdocs\lasBorregas\system\Database\BaseBuilder.php(1771): CodeIgniter\Database\BaseConnection->query('INSERT INTO `cl...', Array, false)
#4 C:\xampp\htdocs\lasBorregas\system\Model.php(239): CodeIgniter\Database\BaseBuilder->insert()
#5 C:\xampp\htdocs\lasBorregas\system\BaseModel.php(738): CodeIgniter\Model->doInsert(Array)
#6 C:\xampp\htdocs\lasBorregas\system\Model.php(625): CodeIgniter\BaseModel->insert(Array, true)
#7 C:\xampp\htdocs\lasBorregas\app\Controllers\ApiController.php(70): CodeIgniter\Model->insert(Array)
#8 C:\xampp\htdocs\lasBorregas\system\CodeIgniter.php(825): App\Controllers\ApiController->addCliente()
#9 C:\xampp\htdocs\lasBorregas\system\CodeIgniter.php(412): CodeIgniter\CodeIgniter->runController(Object(App\Controllers\ApiController))
#10 C:\xampp\htdocs\lasBorregas\system\CodeIgniter.php(320): CodeIgniter\CodeIgniter->handleRequest(NULL, Object(Config\Cache), false)
#11 C:\xampp\htdocs\lasBorregas\public\index.php(37): CodeIgniter\CodeIgniter->run()
#12 {main}
ERROR - 2022-03-24 01:18:58 --> Column 'cl_apaterno' cannot be null
CRITICAL - 2022-03-24 01:18:58 --> Column 'cl_apaterno' cannot be null
#0 C:\xampp\htdocs\lasBorregas\system\Database\MySQLi\Connection.php(292): mysqli->query('INSERT INTO `cl...', 0)
#1 C:\xampp\htdocs\lasBorregas\system\Database\BaseConnection.php(670): CodeIgniter\Database\MySQLi\Connection->execute('INSERT INTO `cl...')
#2 C:\xampp\htdocs\lasBorregas\system\Database\BaseConnection.php(598): CodeIgniter\Database\BaseConnection->simpleQuery('INSERT INTO `cl...')
#3 C:\xampp\htdocs\lasBorregas\system\Database\BaseBuilder.php(1771): CodeIgniter\Database\BaseConnection->query('INSERT INTO `cl...', Array, false)
#4 C:\xampp\htdocs\lasBorregas\system\Model.php(239): CodeIgniter\Database\BaseBuilder->insert()
#5 C:\xampp\htdocs\lasBorregas\system\BaseModel.php(738): CodeIgniter\Model->doInsert(Array)
#6 C:\xampp\htdocs\lasBorregas\system\Model.php(625): CodeIgniter\BaseModel->insert(Array, true)
#7 C:\xampp\htdocs\lasBorregas\app\Controllers\ApiController.php(70): CodeIgniter\Model->insert(Array)
#8 C:\xampp\htdocs\lasBorregas\system\CodeIgniter.php(825): App\Controllers\ApiController->addCliente()
#9 C:\xampp\htdocs\lasBorregas\system\CodeIgniter.php(412): CodeIgniter\CodeIgniter->runController(Object(App\Controllers\ApiController))
#10 C:\xampp\htdocs\lasBorregas\system\CodeIgniter.php(320): CodeIgniter\CodeIgniter->handleRequest(NULL, Object(Config\Cache), false)
#11 C:\xampp\htdocs\lasBorregas\public\index.php(37): CodeIgniter\CodeIgniter->run()
#12 {main}
ERROR - 2022-03-24 01:20:40 --> Column 'cl_apaterno' cannot be null
CRITICAL - 2022-03-24 01:20:40 --> Column 'cl_apaterno' cannot be null
#0 C:\xampp\htdocs\lasBorregas\system\Database\MySQLi\Connection.php(292): mysqli->query('INSERT INTO `cl...', 0)
#1 C:\xampp\htdocs\lasBorregas\system\Database\BaseConnection.php(670): CodeIgniter\Database\MySQLi\Connection->execute('INSERT INTO `cl...')
#2 C:\xampp\htdocs\lasBorregas\system\Database\BaseConnection.php(598): CodeIgniter\Database\BaseConnection->simpleQuery('INSERT INTO `cl...')
#3 C:\xampp\htdocs\lasBorregas\system\Database\BaseBuilder.php(1771): CodeIgniter\Database\BaseConnection->query('INSERT INTO `cl...', Array, false)
#4 C:\xampp\htdocs\lasBorregas\system\Model.php(239): CodeIgniter\Database\BaseBuilder->insert()
#5 C:\xampp\htdocs\lasBorregas\system\BaseModel.php(738): CodeIgniter\Model->doInsert(Array)
#6 C:\xampp\htdocs\lasBorregas\system\Model.php(625): CodeIgniter\BaseModel->insert(Array, true)
#7 C:\xampp\htdocs\lasBorregas\app\Controllers\ApiController.php(70): CodeIgniter\Model->insert(Array)
#8 C:\xampp\htdocs\lasBorregas\system\CodeIgniter.php(825): App\Controllers\ApiController->addCliente()
#9 C:\xampp\htdocs\lasBorregas\system\CodeIgniter.php(412): CodeIgniter\CodeIgniter->runController(Object(App\Controllers\ApiController))
#10 C:\xampp\htdocs\lasBorregas\system\CodeIgniter.php(320): CodeIgniter\CodeIgniter->handleRequest(NULL, Object(Config\Cache), false)
#11 C:\xampp\htdocs\lasBorregas\public\index.php(37): CodeIgniter\CodeIgniter->run()
#12 {main}
ERROR - 2022-03-24 01:21:55 --> Column 'cl_apaterno' cannot be null
CRITICAL - 2022-03-24 01:21:55 --> Column 'cl_apaterno' cannot be null
#0 C:\xampp\htdocs\lasBorregas\system\Database\MySQLi\Connection.php(292): mysqli->query('INSERT INTO `cl...', 0)
#1 C:\xampp\htdocs\lasBorregas\system\Database\BaseConnection.php(670): CodeIgniter\Database\MySQLi\Connection->execute('INSERT INTO `cl...')
#2 C:\xampp\htdocs\lasBorregas\system\Database\BaseConnection.php(598): CodeIgniter\Database\BaseConnection->simpleQuery('INSERT INTO `cl...')
#3 C:\xampp\htdocs\lasBorregas\system\Database\BaseBuilder.php(1771): CodeIgniter\Database\BaseConnection->query('INSERT INTO `cl...', Array, false)
#4 C:\xampp\htdocs\lasBorregas\system\Model.php(239): CodeIgniter\Database\BaseBuilder->insert()
#5 C:\xampp\htdocs\lasBorregas\system\BaseModel.php(738): CodeIgniter\Model->doInsert(Array)
#6 C:\xampp\htdocs\lasBorregas\system\Model.php(625): CodeIgniter\BaseModel->insert(Array, true)
#7 C:\xampp\htdocs\lasBorregas\app\Controllers\ApiController.php(70): CodeIgniter\Model->insert(Array)
#8 C:\xampp\htdocs\lasBorregas\system\CodeIgniter.php(825): App\Controllers\ApiController->addCliente()
#9 C:\xampp\htdocs\lasBorregas\system\CodeIgniter.php(412): CodeIgniter\CodeIgniter->runController(Object(App\Controllers\ApiController))
#10 C:\xampp\htdocs\lasBorregas\system\CodeIgniter.php(320): CodeIgniter\CodeIgniter->handleRequest(NULL, Object(Config\Cache), false)
#11 C:\xampp\htdocs\lasBorregas\public\index.php(37): CodeIgniter\CodeIgniter->run()
#12 {main}
ERROR - 2022-03-24 01:23:27 --> Column 'cl_numb' cannot be null
CRITICAL - 2022-03-24 01:23:27 --> Column 'cl_numb' cannot be null
#0 C:\xampp\htdocs\lasBorregas\system\Database\MySQLi\Connection.php(292): mysqli->query('INSERT INTO `cl...', 0)
#1 C:\xampp\htdocs\lasBorregas\system\Database\BaseConnection.php(670): CodeIgniter\Database\MySQLi\Connection->execute('INSERT INTO `cl...')
#2 C:\xampp\htdocs\lasBorregas\system\Database\BaseConnection.php(598): CodeIgniter\Database\BaseConnection->simpleQuery('INSERT INTO `cl...')
#3 C:\xampp\htdocs\lasBorregas\system\Database\BaseBuilder.php(1771): CodeIgniter\Database\BaseConnection->query('INSERT INTO `cl...', Array, false)
#4 C:\xampp\htdocs\lasBorregas\system\Model.php(239): CodeIgniter\Database\BaseBuilder->insert()
#5 C:\xampp\htdocs\lasBorregas\system\BaseModel.php(738): CodeIgniter\Model->doInsert(Array)
#6 C:\xampp\htdocs\lasBorregas\system\Model.php(625): CodeIgniter\BaseModel->insert(Array, true)
#7 C:\xampp\htdocs\lasBorregas\app\Controllers\ApiController.php(70): CodeIgniter\Model->insert(Array)
#8 C:\xampp\htdocs\lasBorregas\system\CodeIgniter.php(825): App\Controllers\ApiController->addCliente()
#9 C:\xampp\htdocs\lasBorregas\system\CodeIgniter.php(412): CodeIgniter\CodeIgniter->runController(Object(App\Controllers\ApiController))
#10 C:\xampp\htdocs\lasBorregas\system\CodeIgniter.php(320): CodeIgniter\CodeIgniter->handleRequest(NULL, Object(Config\Cache), false)
#11 C:\xampp\htdocs\lasBorregas\public\index.php(37): CodeIgniter\CodeIgniter->run()
#12 {main}
ERROR - 2022-03-24 01:23:50 --> Column 'cl_numb' cannot be null
CRITICAL - 2022-03-24 01:23:50 --> Column 'cl_numb' cannot be null
#0 C:\xampp\htdocs\lasBorregas\system\Database\MySQLi\Connection.php(292): mysqli->query('INSERT INTO `cl...', 0)
#1 C:\xampp\htdocs\lasBorregas\system\Database\BaseConnection.php(670): CodeIgniter\Database\MySQLi\Connection->execute('INSERT INTO `cl...')
#2 C:\xampp\htdocs\lasBorregas\system\Database\BaseConnection.php(598): CodeIgniter\Database\BaseConnection->simpleQuery('INSERT INTO `cl...')
#3 C:\xampp\htdocs\lasBorregas\system\Database\BaseBuilder.php(1771): CodeIgniter\Database\BaseConnection->query('INSERT INTO `cl...', Array, false)
#4 C:\xampp\htdocs\lasBorregas\system\Model.php(239): CodeIgniter\Database\BaseBuilder->insert()
#5 C:\xampp\htdocs\lasBorregas\system\BaseModel.php(738): CodeIgniter\Model->doInsert(Array)
#6 C:\xampp\htdocs\lasBorregas\system\Model.php(625): CodeIgniter\BaseModel->insert(Array, true)
#7 C:\xampp\htdocs\lasBorregas\app\Controllers\ApiController.php(70): CodeIgniter\Model->insert(Array)
#8 C:\xampp\htdocs\lasBorregas\system\CodeIgniter.php(825): App\Controllers\ApiController->addCliente()
#9 C:\xampp\htdocs\lasBorregas\system\CodeIgniter.php(412): CodeIgniter\CodeIgniter->runController(Object(App\Controllers\ApiController))
#10 C:\xampp\htdocs\lasBorregas\system\CodeIgniter.php(320): CodeIgniter\CodeIgniter->handleRequest(NULL, Object(Config\Cache), false)
#11 C:\xampp\htdocs\lasBorregas\public\index.php(37): CodeIgniter\CodeIgniter->run()
#12 {main}
ERROR - 2022-03-24 01:23:53 --> Column 'cl_numb' cannot be null
CRITICAL - 2022-03-24 01:23:53 --> Column 'cl_numb' cannot be null
#0 C:\xampp\htdocs\lasBorregas\system\Database\MySQLi\Connection.php(292): mysqli->query('INSERT INTO `cl...', 0)
#1 C:\xampp\htdocs\lasBorregas\system\Database\BaseConnection.php(670): CodeIgniter\Database\MySQLi\Connection->execute('INSERT INTO `cl...')
#2 C:\xampp\htdocs\lasBorregas\system\Database\BaseConnection.php(598): CodeIgniter\Database\BaseConnection->simpleQuery('INSERT INTO `cl...')
#3 C:\xampp\htdocs\lasBorregas\system\Database\BaseBuilder.php(1771): CodeIgniter\Database\BaseConnection->query('INSERT INTO `cl...', Array, false)
#4 C:\xampp\htdocs\lasBorregas\system\Model.php(239): CodeIgniter\Database\BaseBuilder->insert()
#5 C:\xampp\htdocs\lasBorregas\system\BaseModel.php(738): CodeIgniter\Model->doInsert(Array)
#6 C:\xampp\htdocs\lasBorregas\system\Model.php(625): CodeIgniter\BaseModel->insert(Array, true)
#7 C:\xampp\htdocs\lasBorregas\app\Controllers\ApiController.php(70): CodeIgniter\Model->insert(Array)
#8 C:\xampp\htdocs\lasBorregas\system\CodeIgniter.php(825): App\Controllers\ApiController->addCliente()
#9 C:\xampp\htdocs\lasBorregas\system\CodeIgniter.php(412): CodeIgniter\CodeIgniter->runController(Object(App\Controllers\ApiController))
#10 C:\xampp\htdocs\lasBorregas\system\CodeIgniter.php(320): CodeIgniter\CodeIgniter->handleRequest(NULL, Object(Config\Cache), false)
#11 C:\xampp\htdocs\lasBorregas\public\index.php(37): CodeIgniter\CodeIgniter->run()
#12 {main}
ERROR - 2022-03-24 01:23:57 --> Column 'cl_numb' cannot be null
CRITICAL - 2022-03-24 01:23:57 --> Column 'cl_numb' cannot be null
#0 C:\xampp\htdocs\lasBorregas\system\Database\MySQLi\Connection.php(292): mysqli->query('INSERT INTO `cl...', 0)
#1 C:\xampp\htdocs\lasBorregas\system\Database\BaseConnection.php(670): CodeIgniter\Database\MySQLi\Connection->execute('INSERT INTO `cl...')
#2 C:\xampp\htdocs\lasBorregas\system\Database\BaseConnection.php(598): CodeIgniter\Database\BaseConnection->simpleQuery('INSERT INTO `cl...')
#3 C:\xampp\htdocs\lasBorregas\system\Database\BaseBuilder.php(1771): CodeIgniter\Database\BaseConnection->query('INSERT INTO `cl...', Array, false)
#4 C:\xampp\htdocs\lasBorregas\system\Model.php(239): CodeIgniter\Database\BaseBuilder->insert()
#5 C:\xampp\htdocs\lasBorregas\system\BaseModel.php(738): CodeIgniter\Model->doInsert(Array)
#6 C:\xampp\htdocs\lasBorregas\system\Model.php(625): CodeIgniter\BaseModel->insert(Array, true)
#7 C:\xampp\htdocs\lasBorregas\app\Controllers\ApiController.php(70): CodeIgniter\Model->insert(Array)
#8 C:\xampp\htdocs\lasBorregas\system\CodeIgniter.php(825): App\Controllers\ApiController->addCliente()
#9 C:\xampp\htdocs\lasBorregas\system\CodeIgniter.php(412): CodeIgniter\CodeIgniter->runController(Object(App\Controllers\ApiController))
#10 C:\xampp\htdocs\lasBorregas\system\CodeIgniter.php(320): CodeIgniter\CodeIgniter->handleRequest(NULL, Object(Config\Cache), false)
#11 C:\xampp\htdocs\lasBorregas\public\index.php(37): CodeIgniter\CodeIgniter->run()
#12 {main}
ERROR - 2022-03-24 12:29:51 --> You have an error in your SQL syntax; check the manual that corresponds to your MariaDB server version for the right syntax to use near '`estado` = 1
 LIMIT 1' at line 3
CRITICAL - 2022-03-24 12:29:51 --> You have an error in your SQL syntax; check the manual that corresponds to your MariaDB server version for the right syntax to use near '`estado` = 1
 LIMIT 1' at line 3
#0 C:\xampp\htdocs\lasBorregas\system\Database\MySQLi\Connection.php(292): mysqli->query('SELECT *\nFROM `...', 0)
#1 C:\xampp\htdocs\lasBorregas\system\Database\BaseConnection.php(670): CodeIgniter\Database\MySQLi\Connection->execute('SELECT *\nFROM `...')
#2 C:\xampp\htdocs\lasBorregas\system\Database\BaseConnection.php(598): CodeIgniter\Database\BaseConnection->simpleQuery('SELECT *\nFROM `...')
#3 C:\xampp\htdocs\lasBorregas\system\Database\BaseBuilder.php(1455): CodeIgniter\Database\BaseConnection->query('SELECT *\nFROM `...', Array, false)
#4 C:\xampp\htdocs\lasBorregas\system\Model.php(210): CodeIgniter\Database\BaseBuilder->get()
#5 C:\xampp\htdocs\lasBorregas\system\BaseModel.php(622): CodeIgniter\Model->doFirst()
#6 C:\xampp\htdocs\lasBorregas\app\Models\ClientesModel.php(24): CodeIgniter\BaseModel->first()
#7 C:\xampp\htdocs\lasBorregas\app\Controllers\AuthController.php(16): App\Models\ClientesModel->obtenerCliente('julio')
#8 C:\xampp\htdocs\lasBorregas\system\CodeIgniter.php(825): App\Controllers\AuthController->login()
#9 C:\xampp\htdocs\lasBorregas\system\CodeIgniter.php(412): CodeIgniter\CodeIgniter->runController(Object(App\Controllers\AuthController))
#10 C:\xampp\htdocs\lasBorregas\system\CodeIgniter.php(320): CodeIgniter\CodeIgniter->handleRequest(NULL, Object(Config\Cache), false)
#11 C:\xampp\htdocs\lasBorregas\public\index.php(37): CodeIgniter\CodeIgniter->run()
#12 {main}
ERROR - 2022-03-24 23:36:47 --> Unknown column 'estado' in 'where clause'
CRITICAL - 2022-03-24 23:36:47 --> Unknown column 'estado' in 'where clause'
#0 C:\xampp\htdocs\lasBorregas\system\Database\MySQLi\Connection.php(292): mysqli->query('SELECT *\nFROM `...', 0)
#1 C:\xampp\htdocs\lasBorregas\system\Database\BaseConnection.php(670): CodeIgniter\Database\MySQLi\Connection->execute('SELECT *\nFROM `...')
#2 C:\xampp\htdocs\lasBorregas\system\Database\BaseConnection.php(598): CodeIgniter\Database\BaseConnection->simpleQuery('SELECT *\nFROM `...')
#3 C:\xampp\htdocs\lasBorregas\system\Database\BaseBuilder.php(1455): CodeIgniter\Database\BaseConnection->query('SELECT *\nFROM `...', Array, false)
#4 C:\xampp\htdocs\lasBorregas\system\Model.php(210): CodeIgniter\Database\BaseBuilder->get()
#5 C:\xampp\htdocs\lasBorregas\system\BaseModel.php(622): CodeIgniter\Model->doFirst()
#6 C:\xampp\htdocs\lasBorregas\app\Models\ClientesModel.php(24): CodeIgniter\BaseModel->first()
#7 C:\xampp\htdocs\lasBorregas\app\Controllers\AuthController.php(16): App\Models\ClientesModel->obtenerCliente('omar')
#8 C:\xampp\htdocs\lasBorregas\system\CodeIgniter.php(825): App\Controllers\AuthController->login()
#9 C:\xampp\htdocs\lasBorregas\system\CodeIgniter.php(412): CodeIgniter\CodeIgniter->runController(Object(App\Controllers\AuthController))
#10 C:\xampp\htdocs\lasBorregas\system\CodeIgniter.php(320): CodeIgniter\CodeIgniter->handleRequest(NULL, Object(Config\Cache), false)
#11 C:\xampp\htdocs\lasBorregas\public\index.php(37): CodeIgniter\CodeIgniter->run()
#12 {main}
ERROR - 2022-03-24 23:37:38 --> Unknown column 'estado' in 'where clause'
CRITICAL - 2022-03-24 23:37:38 --> Unknown column 'estado' in 'where clause'
#0 C:\xampp\htdocs\lasBorregas\system\Database\MySQLi\Connection.php(292): mysqli->query('SELECT *\nFROM `...', 0)
#1 C:\xampp\htdocs\lasBorregas\system\Database\BaseConnection.php(670): CodeIgniter\Database\MySQLi\Connection->execute('SELECT *\nFROM `...')
#2 C:\xampp\htdocs\lasBorregas\system\Database\BaseConnection.php(598): CodeIgniter\Database\BaseConnection->simpleQuery('SELECT *\nFROM `...')
#3 C:\xampp\htdocs\lasBorregas\system\Database\BaseBuilder.php(1455): CodeIgniter\Database\BaseConnection->query('SELECT *\nFROM `...', Array, false)
#4 C:\xampp\htdocs\lasBorregas\system\Model.php(210): CodeIgniter\Database\BaseBuilder->get()
#5 C:\xampp\htdocs\lasBorregas\system\BaseModel.php(622): CodeIgniter\Model->doFirst()
#6 C:\xampp\htdocs\lasBorregas\app\Models\ClientesModel.php(24): CodeIgniter\BaseModel->first()
#7 C:\xampp\htdocs\lasBorregas\app\Controllers\AuthController.php(16): App\Models\ClientesModel->obtenerCliente('omar')
#8 C:\xampp\htdocs\lasBorregas\system\CodeIgniter.php(825): App\Controllers\AuthController->login()
#9 C:\xampp\htdocs\lasBorregas\system\CodeIgniter.php(412): CodeIgniter\CodeIgniter->runController(Object(App\Controllers\AuthController))
#10 C:\xampp\htdocs\lasBorregas\system\CodeIgniter.php(320): CodeIgniter\CodeIgniter->handleRequest(NULL, Object(Config\Cache), false)
#11 C:\xampp\htdocs\lasBorregas\public\index.php(37): CodeIgniter\CodeIgniter->run()
#12 {main}
