CRITICAL - 2022-04-04 18:57:22 --> Invalid file: Pages/aumentarBloque.php
#0 C:\xampp\htdocs\lasBorregas\system\View\View.php(198): CodeIgniter\Exceptions\FrameworkException::forInvalidFile('Pages/aumentarB...')
#1 C:\xampp\htdocs\lasBorregas\system\Common.php(1089): CodeIgniter\View\View->render('Pages/aumentarB...', Array, true)
#2 C:\xampp\htdocs\lasBorregas\app\Controllers\ApiController.php(270): view('Pages/aumentarB...', Array)
#3 C:\xampp\htdocs\lasBorregas\system\CodeIgniter.php(825): App\Controllers\ApiController->plantillaAumentarExistencia('1')
#4 C:\xampp\htdocs\lasBorregas\system\CodeIgniter.php(412): CodeIgniter\CodeIgniter->runController(Object(App\Controllers\ApiController))
#5 C:\xampp\htdocs\lasBorregas\system\CodeIgniter.php(320): CodeIgniter\CodeIgniter->handleRequest(NULL, Object(Config\Cache), false)
#6 C:\xampp\htdocs\lasBorregas\public\index.php(37): CodeIgniter\CodeIgniter->run()
#7 {main}
CRITICAL - 2022-04-04 18:57:48 --> Undefined property: mysqli::$id_bloque
#0 C:\xampp\htdocs\lasBorregas\app\Views\Pages\aumentarExistencia.php(5): CodeIgniter\Debug\Exceptions->errorHandler(2, 'Undefined prope...', 'C:\\xampp\\htdocs...', 5)
#1 C:\xampp\htdocs\lasBorregas\system\View\View.php(210): include('C:\\xampp\\htdocs...')
#2 C:\xampp\htdocs\lasBorregas\system\View\View.php(213): CodeIgniter\View\View->CodeIgniter\View\{closure}()
#3 C:\xampp\htdocs\lasBorregas\system\Common.php(1089): CodeIgniter\View\View->render('Pages/aumentarE...', Array, true)
#4 C:\xampp\htdocs\lasBorregas\app\Controllers\ApiController.php(270): view('Pages/aumentarE...', Array)
#5 C:\xampp\htdocs\lasBorregas\system\CodeIgniter.php(825): App\Controllers\ApiController->plantillaAumentarExistencia('1')
#6 C:\xampp\htdocs\lasBorregas\system\CodeIgniter.php(412): CodeIgniter\CodeIgniter->runController(Object(App\Controllers\ApiController))
#7 C:\xampp\htdocs\lasBorregas\system\CodeIgniter.php(320): CodeIgniter\CodeIgniter->handleRequest(NULL, Object(Config\Cache), false)
#8 C:\xampp\htdocs\lasBorregas\public\index.php(37): CodeIgniter\CodeIgniter->run()
#9 {main}
CRITICAL - 2022-04-04 18:59:16 --> Undefined property: mysqli::$id_bloque
#0 C:\xampp\htdocs\lasBorregas\app\Views\Pages\aumentarExistencia.php(5): CodeIgniter\Debug\Exceptions->errorHandler(2, 'Undefined prope...', 'C:\\xampp\\htdocs...', 5)
#1 C:\xampp\htdocs\lasBorregas\system\View\View.php(210): include('C:\\xampp\\htdocs...')
#2 C:\xampp\htdocs\lasBorregas\system\View\View.php(213): CodeIgniter\View\View->CodeIgniter\View\{closure}()
#3 C:\xampp\htdocs\lasBorregas\system\Common.php(1089): CodeIgniter\View\View->render('Pages/aumentarE...', Array, true)
#4 C:\xampp\htdocs\lasBorregas\app\Controllers\ApiController.php(270): view('Pages/aumentarE...', Array)
#5 C:\xampp\htdocs\lasBorregas\system\CodeIgniter.php(825): App\Controllers\ApiController->plantillaAumentarExistencia('1')
#6 C:\xampp\htdocs\lasBorregas\system\CodeIgniter.php(412): CodeIgniter\CodeIgniter->runController(Object(App\Controllers\ApiController))
#7 C:\xampp\htdocs\lasBorregas\system\CodeIgniter.php(320): CodeIgniter\CodeIgniter->handleRequest(NULL, Object(Config\Cache), false)
#8 C:\xampp\htdocs\lasBorregas\public\index.php(37): CodeIgniter\CodeIgniter->run()
#9 {main}
CRITICAL - 2022-04-04 19:02:21 --> Undefined property: mysqli::$id_bloque
#0 C:\xampp\htdocs\lasBorregas\app\Views\Pages\aumentarExistencia.php(5): CodeIgniter\Debug\Exceptions->errorHandler(2, 'Undefined prope...', 'C:\\xampp\\htdocs...', 5)
#1 C:\xampp\htdocs\lasBorregas\system\View\View.php(210): include('C:\\xampp\\htdocs...')
#2 C:\xampp\htdocs\lasBorregas\system\View\View.php(213): CodeIgniter\View\View->CodeIgniter\View\{closure}()
#3 C:\xampp\htdocs\lasBorregas\system\Common.php(1089): CodeIgniter\View\View->render('Pages/aumentarE...', Array, true)
#4 C:\xampp\htdocs\lasBorregas\app\Controllers\ApiController.php(270): view('Pages/aumentarE...', Array)
#5 C:\xampp\htdocs\lasBorregas\system\CodeIgniter.php(825): App\Controllers\ApiController->plantillaAumentarExistencia('1')
#6 C:\xampp\htdocs\lasBorregas\system\CodeIgniter.php(412): CodeIgniter\CodeIgniter->runController(Object(App\Controllers\ApiController))
#7 C:\xampp\htdocs\lasBorregas\system\CodeIgniter.php(320): CodeIgniter\CodeIgniter->handleRequest(NULL, Object(Config\Cache), false)
#8 C:\xampp\htdocs\lasBorregas\public\index.php(37): CodeIgniter\CodeIgniter->run()
#9 {main}
CRITICAL - 2022-04-04 19:03:06 --> Undefined property: mysqli::$id_bloque
#0 C:\xampp\htdocs\lasBorregas\app\Views\Pages\aumentarExistencia.php(5): CodeIgniter\Debug\Exceptions->errorHandler(2, 'Undefined prope...', 'C:\\xampp\\htdocs...', 5)
#1 C:\xampp\htdocs\lasBorregas\system\View\View.php(210): include('C:\\xampp\\htdocs...')
#2 C:\xampp\htdocs\lasBorregas\system\View\View.php(213): CodeIgniter\View\View->CodeIgniter\View\{closure}()
#3 C:\xampp\htdocs\lasBorregas\system\Common.php(1089): CodeIgniter\View\View->render('Pages/aumentarE...', Array, true)
#4 C:\xampp\htdocs\lasBorregas\app\Controllers\ApiController.php(270): view('Pages/aumentarE...', Array)
#5 C:\xampp\htdocs\lasBorregas\system\CodeIgniter.php(825): App\Controllers\ApiController->plantillaAumentarExistencia('1')
#6 C:\xampp\htdocs\lasBorregas\system\CodeIgniter.php(412): CodeIgniter\CodeIgniter->runController(Object(App\Controllers\ApiController))
#7 C:\xampp\htdocs\lasBorregas\system\CodeIgniter.php(320): CodeIgniter\CodeIgniter->handleRequest(NULL, Object(Config\Cache), false)
#8 C:\xampp\htdocs\lasBorregas\public\index.php(37): CodeIgniter\CodeIgniter->run()
#9 {main}
CRITICAL - 2022-04-04 19:03:15 --> Undefined property: mysqli::$id_bloque
#0 C:\xampp\htdocs\lasBorregas\app\Views\Pages\aumentarExistencia.php(5): CodeIgniter\Debug\Exceptions->errorHandler(2, 'Undefined prope...', 'C:\\xampp\\htdocs...', 5)
#1 C:\xampp\htdocs\lasBorregas\system\View\View.php(210): include('C:\\xampp\\htdocs...')
#2 C:\xampp\htdocs\lasBorregas\system\View\View.php(213): CodeIgniter\View\View->CodeIgniter\View\{closure}()
#3 C:\xampp\htdocs\lasBorregas\system\Common.php(1089): CodeIgniter\View\View->render('Pages/aumentarE...', Array, true)
#4 C:\xampp\htdocs\lasBorregas\app\Controllers\ApiController.php(270): view('Pages/aumentarE...', Array)
#5 C:\xampp\htdocs\lasBorregas\system\CodeIgniter.php(825): App\Controllers\ApiController->plantillaAumentarExistencia('4')
#6 C:\xampp\htdocs\lasBorregas\system\CodeIgniter.php(412): CodeIgniter\CodeIgniter->runController(Object(App\Controllers\ApiController))
#7 C:\xampp\htdocs\lasBorregas\system\CodeIgniter.php(320): CodeIgniter\CodeIgniter->handleRequest(NULL, Object(Config\Cache), false)
#8 C:\xampp\htdocs\lasBorregas\public\index.php(37): CodeIgniter\CodeIgniter->run()
#9 {main}
CRITICAL - 2022-04-04 19:17:08 --> Attempt to read property "blq_existencia" on array
#0 C:\xampp\htdocs\lasBorregas\app\Controllers\ApiController.php(278): CodeIgniter\Debug\Exceptions->errorHandler(2, 'Attempt to read...', 'C:\\xampp\\htdocs...', 278)
#1 C:\xampp\htdocs\lasBorregas\system\CodeIgniter.php(825): App\Controllers\ApiController->aumentarExistencia('4')
#2 C:\xampp\htdocs\lasBorregas\system\CodeIgniter.php(412): CodeIgniter\CodeIgniter->runController(Object(App\Controllers\ApiController))
#3 C:\xampp\htdocs\lasBorregas\system\CodeIgniter.php(320): CodeIgniter\CodeIgniter->handleRequest(NULL, Object(Config\Cache), false)
#4 C:\xampp\htdocs\lasBorregas\public\index.php(37): CodeIgniter\CodeIgniter->run()
#5 {main}
CRITICAL - 2022-04-04 19:19:41 --> Attempt to read property "blq_existencia" on string
#0 C:\xampp\htdocs\lasBorregas\app\Controllers\ApiController.php(281): CodeIgniter\Debug\Exceptions->errorHandler(2, 'Attempt to read...', 'C:\\xampp\\htdocs...', 281)
#1 C:\xampp\htdocs\lasBorregas\system\CodeIgniter.php(825): App\Controllers\ApiController->aumentarExistencia('4')
#2 C:\xampp\htdocs\lasBorregas\system\CodeIgniter.php(412): CodeIgniter\CodeIgniter->runController(Object(App\Controllers\ApiController))
#3 C:\xampp\htdocs\lasBorregas\system\CodeIgniter.php(320): CodeIgniter\CodeIgniter->handleRequest(NULL, Object(Config\Cache), false)
#4 C:\xampp\htdocs\lasBorregas\public\index.php(37): CodeIgniter\CodeIgniter->run()
#5 {main}
