CRITICAL - 2022-05-25 13:11:33 --> Undefined variable $roles
#0 C:\xampp\htdocs\lasBorregas\app\Views\Pages\addEmpleado.php(36): CodeIgniter\Debug\Exceptions->errorHandler(2, 'Undefined varia...', 'C:\\xampp\\htdocs...', 36)
#1 C:\xampp\htdocs\lasBorregas\system\View\View.php(210): include('C:\\xampp\\htdocs...')
#2 C:\xampp\htdocs\lasBorregas\system\View\View.php(213): CodeIgniter\View\View->CodeIgniter\View\{closure}()
#3 C:\xampp\htdocs\lasBorregas\system\Common.php(1089): CodeIgniter\View\View->render('Pages/addEmplea...', Array, true)
#4 C:\xampp\htdocs\lasBorregas\app\Controllers\Home.php(24): view('Pages/addEmplea...')
#5 C:\xampp\htdocs\lasBorregas\system\CodeIgniter.php(825): App\Controllers\Home->view('addEmpleado')
#6 C:\xampp\htdocs\lasBorregas\system\CodeIgniter.php(412): CodeIgniter\CodeIgniter->runController(Object(App\Controllers\Home))
#7 C:\xampp\htdocs\lasBorregas\system\CodeIgniter.php(320): CodeIgniter\CodeIgniter->handleRequest(NULL, Object(Config\Cache), false)
#8 C:\xampp\htdocs\lasBorregas\public\index.php(37): CodeIgniter\CodeIgniter->run()
#9 {main}
ERROR - 2022-05-25 13:31:44 --> You have an error in your SQL syntax; check the manual that corresponds to your MariaDB server version for the right syntax to use near '@ID_USUARIO)' at line 5
CRITICAL - 2022-05-25 13:31:44 --> You have an error in your SQL syntax; check the manual that corresponds to your MariaDB server version for the right syntax to use near '@ID_USUARIO)' at line 5
#0 C:\xampp\htdocs\lasBorregas\system\Database\MySQLi\Connection.php(292): mysqli->query('INSERT INTO cli...', 0)
#1 C:\xampp\htdocs\lasBorregas\system\Database\BaseConnection.php(670): CodeIgniter\Database\MySQLi\Connection->execute('INSERT INTO cli...')
#2 C:\xampp\htdocs\lasBorregas\system\Database\BaseConnection.php(598): CodeIgniter\Database\BaseConnection->simpleQuery('INSERT INTO cli...')
#3 C:\xampp\htdocs\lasBorregas\app\Models\EmpleadoModel.php(58): CodeIgniter\Database\BaseConnection->query('INSERT INTO cli...')
#4 C:\xampp\htdocs\lasBorregas\app\Controllers\ApiController.php(330): App\Models\EmpleadoModel->addEmpleado(Array)
#5 C:\xampp\htdocs\lasBorregas\system\CodeIgniter.php(825): App\Controllers\ApiController->addEmpleado()
#6 C:\xampp\htdocs\lasBorregas\system\CodeIgniter.php(412): CodeIgniter\CodeIgniter->runController(Object(App\Controllers\ApiController))
#7 C:\xampp\htdocs\lasBorregas\system\CodeIgniter.php(320): CodeIgniter\CodeIgniter->handleRequest(NULL, Object(Config\Cache), false)
#8 C:\xampp\htdocs\lasBorregas\public\index.php(37): CodeIgniter\CodeIgniter->run()
#9 {main}
ERROR - 2022-05-25 13:32:42 --> You have an error in your SQL syntax; check the manual that corresponds to your MariaDB server version for the right syntax to use near '@ID_USUARIO)' at line 5
CRITICAL - 2022-05-25 13:32:42 --> You have an error in your SQL syntax; check the manual that corresponds to your MariaDB server version for the right syntax to use near '@ID_USUARIO)' at line 5
#0 C:\xampp\htdocs\lasBorregas\system\Database\MySQLi\Connection.php(292): mysqli->query('INSERT INTO cli...', 0)
#1 C:\xampp\htdocs\lasBorregas\system\Database\BaseConnection.php(670): CodeIgniter\Database\MySQLi\Connection->execute('INSERT INTO cli...')
#2 C:\xampp\htdocs\lasBorregas\system\Database\BaseConnection.php(598): CodeIgniter\Database\BaseConnection->simpleQuery('INSERT INTO cli...')
#3 C:\xampp\htdocs\lasBorregas\app\Models\EmpleadoModel.php(58): CodeIgniter\Database\BaseConnection->query('INSERT INTO cli...')
#4 C:\xampp\htdocs\lasBorregas\app\Controllers\ApiController.php(330): App\Models\EmpleadoModel->addEmpleado(Array)
#5 C:\xampp\htdocs\lasBorregas\system\CodeIgniter.php(825): App\Controllers\ApiController->addEmpleado()
#6 C:\xampp\htdocs\lasBorregas\system\CodeIgniter.php(412): CodeIgniter\CodeIgniter->runController(Object(App\Controllers\ApiController))
#7 C:\xampp\htdocs\lasBorregas\system\CodeIgniter.php(320): CodeIgniter\CodeIgniter->handleRequest(NULL, Object(Config\Cache), false)
#8 C:\xampp\htdocs\lasBorregas\public\index.php(37): CodeIgniter\CodeIgniter->run()
#9 {main}
ERROR - 2022-05-25 13:32:54 --> Unknown column 'nombre_empleado' in 'field list'
CRITICAL - 2022-05-25 13:32:54 --> Unknown column 'nombre_empleado' in 'field list'
#0 C:\xampp\htdocs\lasBorregas\system\Database\MySQLi\Connection.php(292): mysqli->query('INSERT INTO cli...', 0)
#1 C:\xampp\htdocs\lasBorregas\system\Database\BaseConnection.php(670): CodeIgniter\Database\MySQLi\Connection->execute('INSERT INTO cli...')
#2 C:\xampp\htdocs\lasBorregas\system\Database\BaseConnection.php(598): CodeIgniter\Database\BaseConnection->simpleQuery('INSERT INTO cli...')
#3 C:\xampp\htdocs\lasBorregas\app\Models\EmpleadoModel.php(58): CodeIgniter\Database\BaseConnection->query('INSERT INTO cli...')
#4 C:\xampp\htdocs\lasBorregas\app\Controllers\ApiController.php(330): App\Models\EmpleadoModel->addEmpleado(Array)
#5 C:\xampp\htdocs\lasBorregas\system\CodeIgniter.php(825): App\Controllers\ApiController->addEmpleado()
#6 C:\xampp\htdocs\lasBorregas\system\CodeIgniter.php(412): CodeIgniter\CodeIgniter->runController(Object(App\Controllers\ApiController))
#7 C:\xampp\htdocs\lasBorregas\system\CodeIgniter.php(320): CodeIgniter\CodeIgniter->handleRequest(NULL, Object(Config\Cache), false)
#8 C:\xampp\htdocs\lasBorregas\public\index.php(37): CodeIgniter\CodeIgniter->run()
#9 {main}
ERROR - 2022-05-25 14:03:34 --> Unknown column 'nombre_empleado' in 'field list'
CRITICAL - 2022-05-25 14:03:34 --> Unknown column 'nombre_empleado' in 'field list'
#0 C:\xampp\htdocs\lasBorregas\system\Database\MySQLi\Connection.php(292): mysqli->query('INSERT INTO cli...', 0)
#1 C:\xampp\htdocs\lasBorregas\system\Database\BaseConnection.php(670): CodeIgniter\Database\MySQLi\Connection->execute('INSERT INTO cli...')
#2 C:\xampp\htdocs\lasBorregas\system\Database\BaseConnection.php(598): CodeIgniter\Database\BaseConnection->simpleQuery('INSERT INTO cli...')
#3 C:\xampp\htdocs\lasBorregas\app\Models\EmpleadoModel.php(58): CodeIgniter\Database\BaseConnection->query('INSERT INTO cli...')
#4 C:\xampp\htdocs\lasBorregas\app\Controllers\ApiController.php(330): App\Models\EmpleadoModel->addEmpleado(Array)
#5 C:\xampp\htdocs\lasBorregas\system\CodeIgniter.php(825): App\Controllers\ApiController->addEmpleado()
#6 C:\xampp\htdocs\lasBorregas\system\CodeIgniter.php(412): CodeIgniter\CodeIgniter->runController(Object(App\Controllers\ApiController))
#7 C:\xampp\htdocs\lasBorregas\system\CodeIgniter.php(320): CodeIgniter\CodeIgniter->handleRequest(NULL, Object(Config\Cache), false)
#8 C:\xampp\htdocs\lasBorregas\public\index.php(37): CodeIgniter\CodeIgniter->run()
#9 {main}
