CRITICAL - 2022-03-23 13:44:02 --> Undefined variable $cliente
#0 C:\xampp\htdocs\lasBorregas\app\Views\Pages\head.php(62): CodeIgniter\Debug\Exceptions->errorHandler(2, 'Undefined varia...', 'C:\\xampp\\htdocs...', 62)
#1 C:\xampp\htdocs\lasBorregas\system\View\View.php(210): include('C:\\xampp\\htdocs...')
#2 C:\xampp\htdocs\lasBorregas\system\View\View.php(213): CodeIgniter\View\View->CodeIgniter\View\{closure}()
#3 C:\xampp\htdocs\lasBorregas\system\Common.php(1089): CodeIgniter\View\View->render('Pages/head', Array, true)
#4 C:\xampp\htdocs\lasBorregas\app\Controllers\Home.php(22): view('Pages/head')
#5 C:\xampp\htdocs\lasBorregas\system\CodeIgniter.php(825): App\Controllers\Home->view('head')
#6 C:\xampp\htdocs\lasBorregas\system\CodeIgniter.php(412): CodeIgniter\CodeIgniter->runController(Object(App\Controllers\Home))
#7 C:\xampp\htdocs\lasBorregas\system\CodeIgniter.php(320): CodeIgniter\CodeIgniter->handleRequest(NULL, Object(Config\Cache), false)
#8 C:\xampp\htdocs\lasBorregas\public\index.php(37): CodeIgniter\CodeIgniter->run()
#9 {main}
CRITICAL - 2022-03-23 13:44:30 --> Undefined variable $clientes
#0 C:\xampp\htdocs\lasBorregas\app\Views\Pages\head.php(62): CodeIgniter\Debug\Exceptions->errorHandler(2, 'Undefined varia...', 'C:\\xampp\\htdocs...', 62)
#1 C:\xampp\htdocs\lasBorregas\system\View\View.php(210): include('C:\\xampp\\htdocs...')
#2 C:\xampp\htdocs\lasBorregas\system\View\View.php(213): CodeIgniter\View\View->CodeIgniter\View\{closure}()
#3 C:\xampp\htdocs\lasBorregas\system\Common.php(1089): CodeIgniter\View\View->render('Pages/head', Array, true)
#4 C:\xampp\htdocs\lasBorregas\app\Controllers\Home.php(22): view('Pages/head')
#5 C:\xampp\htdocs\lasBorregas\system\CodeIgniter.php(825): App\Controllers\Home->view('head')
#6 C:\xampp\htdocs\lasBorregas\system\CodeIgniter.php(412): CodeIgniter\CodeIgniter->runController(Object(App\Controllers\Home))
#7 C:\xampp\htdocs\lasBorregas\system\CodeIgniter.php(320): CodeIgniter\CodeIgniter->handleRequest(NULL, Object(Config\Cache), false)
#8 C:\xampp\htdocs\lasBorregas\public\index.php(37): CodeIgniter\CodeIgniter->run()
#9 {main}
CRITICAL - 2022-03-23 13:44:51 --> Undefined variable $result
#0 C:\xampp\htdocs\lasBorregas\app\Views\Pages\head.php(62): CodeIgniter\Debug\Exceptions->errorHandler(2, 'Undefined varia...', 'C:\\xampp\\htdocs...', 62)
#1 C:\xampp\htdocs\lasBorregas\system\View\View.php(210): include('C:\\xampp\\htdocs...')
#2 C:\xampp\htdocs\lasBorregas\system\View\View.php(213): CodeIgniter\View\View->CodeIgniter\View\{closure}()
#3 C:\xampp\htdocs\lasBorregas\system\Common.php(1089): CodeIgniter\View\View->render('Pages/head', Array, true)
#4 C:\xampp\htdocs\lasBorregas\app\Controllers\Home.php(22): view('Pages/head')
#5 C:\xampp\htdocs\lasBorregas\system\CodeIgniter.php(825): App\Controllers\Home->view('head')
#6 C:\xampp\htdocs\lasBorregas\system\CodeIgniter.php(412): CodeIgniter\CodeIgniter->runController(Object(App\Controllers\Home))
#7 C:\xampp\htdocs\lasBorregas\system\CodeIgniter.php(320): CodeIgniter\CodeIgniter->handleRequest(NULL, Object(Config\Cache), false)
#8 C:\xampp\htdocs\lasBorregas\public\index.php(37): CodeIgniter\CodeIgniter->run()
#9 {main}
CRITICAL - 2022-03-23 13:55:27 --> Undefined variable $result
#0 C:\xampp\htdocs\lasBorregas\app\Views\Pages\head.php(62): CodeIgniter\Debug\Exceptions->errorHandler(2, 'Undefined varia...', 'C:\\xampp\\htdocs...', 62)
#1 C:\xampp\htdocs\lasBorregas\system\View\View.php(210): include('C:\\xampp\\htdocs...')
#2 C:\xampp\htdocs\lasBorregas\system\View\View.php(213): CodeIgniter\View\View->CodeIgniter\View\{closure}()
#3 C:\xampp\htdocs\lasBorregas\system\Common.php(1089): CodeIgniter\View\View->render('Pages/head', Array, true)
#4 C:\xampp\htdocs\lasBorregas\app\Controllers\Home.php(41): view('Pages/head')
#5 C:\xampp\htdocs\lasBorregas\system\CodeIgniter.php(825): App\Controllers\Home->saludo()
#6 C:\xampp\htdocs\lasBorregas\system\CodeIgniter.php(412): CodeIgniter\CodeIgniter->runController(Object(App\Controllers\Home))
#7 C:\xampp\htdocs\lasBorregas\system\CodeIgniter.php(320): CodeIgniter\CodeIgniter->handleRequest(NULL, Object(Config\Cache), false)
#8 C:\xampp\htdocs\lasBorregas\public\index.php(37): CodeIgniter\CodeIgniter->run()
#9 {main}
CRITICAL - 2022-03-23 13:55:52 --> Undefined variable $result
#0 C:\xampp\htdocs\lasBorregas\app\Views\Pages\head.php(62): CodeIgniter\Debug\Exceptions->errorHandler(2, 'Undefined varia...', 'C:\\xampp\\htdocs...', 62)
#1 C:\xampp\htdocs\lasBorregas\system\View\View.php(210): include('C:\\xampp\\htdocs...')
#2 C:\xampp\htdocs\lasBorregas\system\View\View.php(213): CodeIgniter\View\View->CodeIgniter\View\{closure}()
#3 C:\xampp\htdocs\lasBorregas\system\Common.php(1089): CodeIgniter\View\View->render('Pages/head', Array, true)
#4 C:\xampp\htdocs\lasBorregas\app\Controllers\Home.php(36): view('Pages/head', Array)
#5 C:\xampp\htdocs\lasBorregas\system\CodeIgniter.php(825): App\Controllers\Home->readClientes()
#6 C:\xampp\htdocs\lasBorregas\system\CodeIgniter.php(412): CodeIgniter\CodeIgniter->runController(Object(App\Controllers\Home))
#7 C:\xampp\htdocs\lasBorregas\system\CodeIgniter.php(320): CodeIgniter\CodeIgniter->handleRequest(NULL, Object(Config\Cache), false)
#8 C:\xampp\htdocs\lasBorregas\public\index.php(37): CodeIgniter\CodeIgniter->run()
#9 {main}
CRITICAL - 2022-03-23 15:03:46 --> Undefined variable $route
#0 C:\xampp\htdocs\lasBorregas\app\Config\Routes.php(36): CodeIgniter\Debug\Exceptions->errorHandler(2, 'Undefined varia...', 'C:\\xampp\\htdocs...', 36)
#1 C:\xampp\htdocs\lasBorregas\system\CodeIgniter.php(706): require('C:\\xampp\\htdocs...')
#2 C:\xampp\htdocs\lasBorregas\system\CodeIgniter.php(361): CodeIgniter\CodeIgniter->tryToRouteIt(Object(CodeIgniter\Router\RouteCollection))
#3 C:\xampp\htdocs\lasBorregas\system\CodeIgniter.php(320): CodeIgniter\CodeIgniter->handleRequest(NULL, Object(Config\Cache), false)
#4 C:\xampp\htdocs\lasBorregas\public\index.php(37): CodeIgniter\CodeIgniter->run()
#5 {main}
CRITICAL - 2022-03-23 15:05:31 --> Undefined variable $clientes
#0 C:\xampp\htdocs\lasBorregas\app\Views\Pages\head.php(66): CodeIgniter\Debug\Exceptions->errorHandler(2, 'Undefined varia...', 'C:\\xampp\\htdocs...', 66)
#1 C:\xampp\htdocs\lasBorregas\system\View\View.php(210): include('C:\\xampp\\htdocs...')
#2 C:\xampp\htdocs\lasBorregas\system\View\View.php(213): CodeIgniter\View\View->CodeIgniter\View\{closure}()
#3 C:\xampp\htdocs\lasBorregas\system\Common.php(1089): CodeIgniter\View\View->render('Pages/head', Array, true)
#4 C:\xampp\htdocs\lasBorregas\app\Controllers\AuthController.php(27): view('Pages/head')
#5 C:\xampp\htdocs\lasBorregas\system\CodeIgniter.php(825): App\Controllers\AuthController->login()
#6 C:\xampp\htdocs\lasBorregas\system\CodeIgniter.php(412): CodeIgniter\CodeIgniter->runController(Object(App\Controllers\AuthController))
#7 C:\xampp\htdocs\lasBorregas\system\CodeIgniter.php(320): CodeIgniter\CodeIgniter->handleRequest(NULL, Object(Config\Cache), false)
#8 C:\xampp\htdocs\lasBorregas\public\index.php(37): CodeIgniter\CodeIgniter->run()
#9 {main}
CRITICAL - 2022-03-23 15:11:28 --> Invalid file: componentes/alerta.php
#0 C:\xampp\htdocs\lasBorregas\system\View\View.php(198): CodeIgniter\Exceptions\FrameworkException::forInvalidFile('componentes/ale...')
#1 C:\xampp\htdocs\lasBorregas\system\View\View.php(424): CodeIgniter\View\View->render('componentes/ale...', NULL, true)
#2 C:\xampp\htdocs\lasBorregas\app\Views\Pages\plantilla.php(53): CodeIgniter\View\View->include('componentes/ale...')
#3 C:\xampp\htdocs\lasBorregas\system\View\View.php(210): include('C:\\xampp\\htdocs...')
#4 C:\xampp\htdocs\lasBorregas\system\View\View.php(213): CodeIgniter\View\View->CodeIgniter\View\{closure}()
#5 C:\xampp\htdocs\lasBorregas\system\Common.php(1089): CodeIgniter\View\View->render('Pages/plantilla', Array, true)
#6 C:\xampp\htdocs\lasBorregas\app\Controllers\ApiController.php(37): view('Pages/plantilla', Array)
#7 C:\xampp\htdocs\lasBorregas\system\CodeIgniter.php(825): App\Controllers\ApiController->readClientes()
#8 C:\xampp\htdocs\lasBorregas\system\CodeIgniter.php(412): CodeIgniter\CodeIgniter->runController(Object(App\Controllers\ApiController))
#9 C:\xampp\htdocs\lasBorregas\system\CodeIgniter.php(320): CodeIgniter\CodeIgniter->handleRequest(NULL, Object(Config\Cache), false)
#10 C:\xampp\htdocs\lasBorregas\public\index.php(37): CodeIgniter\CodeIgniter->run()
#11 {main}
CRITICAL - 2022-03-23 15:14:09 --> Object of class stdClass could not be converted to string
#0 C:\xampp\htdocs\lasBorregas\system\View\View.php(210): include()
#1 C:\xampp\htdocs\lasBorregas\system\View\View.php(213): CodeIgniter\View\View->CodeIgniter\View\{closure}()
#2 C:\xampp\htdocs\lasBorregas\system\Common.php(1089): CodeIgniter\View\View->render('Pages/plantilla', Array, true)
#3 C:\xampp\htdocs\lasBorregas\app\Controllers\ApiController.php(37): view('Pages/plantilla', Array)
#4 C:\xampp\htdocs\lasBorregas\system\CodeIgniter.php(825): App\Controllers\ApiController->readClientes()
#5 C:\xampp\htdocs\lasBorregas\system\CodeIgniter.php(412): CodeIgniter\CodeIgniter->runController(Object(App\Controllers\ApiController))
#6 C:\xampp\htdocs\lasBorregas\system\CodeIgniter.php(320): CodeIgniter\CodeIgniter->handleRequest(NULL, Object(Config\Cache), false)
#7 C:\xampp\htdocs\lasBorregas\public\index.php(37): CodeIgniter\CodeIgniter->run()
#8 {main}
CRITICAL - 2022-03-23 16:49:54 --> Undefined variable $clientes
#0 C:\xampp\htdocs\lasBorregas\app\Views\Pages\plantilla.php(81): CodeIgniter\Debug\Exceptions->errorHandler(2, 'Undefined varia...', 'C:\\xampp\\htdocs...', 81)
#1 C:\xampp\htdocs\lasBorregas\system\View\View.php(210): include('C:\\xampp\\htdocs...')
#2 C:\xampp\htdocs\lasBorregas\system\View\View.php(213): CodeIgniter\View\View->CodeIgniter\View\{closure}()
#3 C:\xampp\htdocs\lasBorregas\system\View\View.php(226): CodeIgniter\View\View->render('Pages/plantilla', Array, true)
#4 C:\xampp\htdocs\lasBorregas\system\Common.php(1089): CodeIgniter\View\View->render('Pages/head', Array, true)
#5 C:\xampp\htdocs\lasBorregas\app\Controllers\Home.php(24): view('Pages/head')
#6 C:\xampp\htdocs\lasBorregas\system\CodeIgniter.php(825): App\Controllers\Home->view('head')
#7 C:\xampp\htdocs\lasBorregas\system\CodeIgniter.php(412): CodeIgniter\CodeIgniter->runController(Object(App\Controllers\Home))
#8 C:\xampp\htdocs\lasBorregas\system\CodeIgniter.php(320): CodeIgniter\CodeIgniter->handleRequest(NULL, Object(Config\Cache), false)
#9 C:\xampp\htdocs\lasBorregas\public\index.php(37): CodeIgniter\CodeIgniter->run()
#10 {main}
CRITICAL - 2022-03-23 16:55:07 --> Undefined variable $clientes
#0 C:\xampp\htdocs\lasBorregas\app\Views\Pages\plantilla.php(81): CodeIgniter\Debug\Exceptions->errorHandler(2, 'Undefined varia...', 'C:\\xampp\\htdocs...', 81)
#1 C:\xampp\htdocs\lasBorregas\system\View\View.php(210): include('C:\\xampp\\htdocs...')
#2 C:\xampp\htdocs\lasBorregas\system\View\View.php(213): CodeIgniter\View\View->CodeIgniter\View\{closure}()
#3 C:\xampp\htdocs\lasBorregas\system\View\View.php(226): CodeIgniter\View\View->render('Pages/plantilla', Array, true)
#4 C:\xampp\htdocs\lasBorregas\system\Common.php(1089): CodeIgniter\View\View->render('Pages/head', Array, true)
#5 C:\xampp\htdocs\lasBorregas\app\Controllers\Home.php(24): view('Pages/head')
#6 C:\xampp\htdocs\lasBorregas\system\CodeIgniter.php(825): App\Controllers\Home->view('head')
#7 C:\xampp\htdocs\lasBorregas\system\CodeIgniter.php(412): CodeIgniter\CodeIgniter->runController(Object(App\Controllers\Home))
#8 C:\xampp\htdocs\lasBorregas\system\CodeIgniter.php(320): CodeIgniter\CodeIgniter->handleRequest(NULL, Object(Config\Cache), false)
#9 C:\xampp\htdocs\lasBorregas\public\index.php(37): CodeIgniter\CodeIgniter->run()
#10 {main}
CRITICAL - 2022-03-23 16:55:18 --> Undefined variable $clientes
#0 C:\xampp\htdocs\lasBorregas\app\Views\Pages\plantilla.php(81): CodeIgniter\Debug\Exceptions->errorHandler(2, 'Undefined varia...', 'C:\\xampp\\htdocs...', 81)
#1 C:\xampp\htdocs\lasBorregas\system\View\View.php(210): include('C:\\xampp\\htdocs...')
#2 C:\xampp\htdocs\lasBorregas\system\View\View.php(213): CodeIgniter\View\View->CodeIgniter\View\{closure}()
#3 C:\xampp\htdocs\lasBorregas\system\View\View.php(226): CodeIgniter\View\View->render('Pages/plantilla', Array, true)
#4 C:\xampp\htdocs\lasBorregas\system\Common.php(1089): CodeIgniter\View\View->render('Pages/head', Array, true)
#5 C:\xampp\htdocs\lasBorregas\app\Controllers\Home.php(24): view('Pages/head')
#6 C:\xampp\htdocs\lasBorregas\system\CodeIgniter.php(825): App\Controllers\Home->view('head')
#7 C:\xampp\htdocs\lasBorregas\system\CodeIgniter.php(412): CodeIgniter\CodeIgniter->runController(Object(App\Controllers\Home))
#8 C:\xampp\htdocs\lasBorregas\system\CodeIgniter.php(320): CodeIgniter\CodeIgniter->handleRequest(NULL, Object(Config\Cache), false)
#9 C:\xampp\htdocs\lasBorregas\public\index.php(37): CodeIgniter\CodeIgniter->run()
#10 {main}
CRITICAL - 2022-03-23 16:55:32 --> Undefined variable $clientes
#0 C:\xampp\htdocs\lasBorregas\app\Views\Pages\plantilla.php(81): CodeIgniter\Debug\Exceptions->errorHandler(2, 'Undefined varia...', 'C:\\xampp\\htdocs...', 81)
#1 C:\xampp\htdocs\lasBorregas\system\View\View.php(210): include('C:\\xampp\\htdocs...')
#2 C:\xampp\htdocs\lasBorregas\system\View\View.php(213): CodeIgniter\View\View->CodeIgniter\View\{closure}()
#3 C:\xampp\htdocs\lasBorregas\system\View\View.php(226): CodeIgniter\View\View->render('Pages/plantilla', Array, true)
#4 C:\xampp\htdocs\lasBorregas\system\Common.php(1089): CodeIgniter\View\View->render('Pages/head', Array, true)
#5 C:\xampp\htdocs\lasBorregas\app\Controllers\Home.php(24): view('Pages/head')
#6 C:\xampp\htdocs\lasBorregas\system\CodeIgniter.php(825): App\Controllers\Home->view('head')
#7 C:\xampp\htdocs\lasBorregas\system\CodeIgniter.php(412): CodeIgniter\CodeIgniter->runController(Object(App\Controllers\Home))
#8 C:\xampp\htdocs\lasBorregas\system\CodeIgniter.php(320): CodeIgniter\CodeIgniter->handleRequest(NULL, Object(Config\Cache), false)
#9 C:\xampp\htdocs\lasBorregas\public\index.php(37): CodeIgniter\CodeIgniter->run()
#10 {main}
CRITICAL - 2022-03-23 18:08:18 --> syntax error, unexpected token ")", expecting identifier or variable or "{" or "$"
#0 C:\xampp\htdocs\lasBorregas\system\Autoloader\Autoloader.php(241): CodeIgniter\Autoloader\Autoloader->includeFile('C:\\xampp\\htdocs...')
#1 C:\xampp\htdocs\lasBorregas\system\Autoloader\Autoloader.php(219): CodeIgniter\Autoloader\Autoloader->loadInNamespace('App\\Models\\Clie...')
#2 C:\xampp\htdocs\lasBorregas\app\Controllers\AuthController.php(15): CodeIgniter\Autoloader\Autoloader->loadClass('App\\Models\\Clie...')
#3 C:\xampp\htdocs\lasBorregas\system\CodeIgniter.php(825): App\Controllers\AuthController->login()
#4 C:\xampp\htdocs\lasBorregas\system\CodeIgniter.php(412): CodeIgniter\CodeIgniter->runController(Object(App\Controllers\AuthController))
#5 C:\xampp\htdocs\lasBorregas\system\CodeIgniter.php(320): CodeIgniter\CodeIgniter->handleRequest(NULL, Object(Config\Cache), false)
#6 C:\xampp\htdocs\lasBorregas\public\index.php(37): CodeIgniter\CodeIgniter->run()
#7 {main}
CRITICAL - 2022-03-23 18:09:00 --> Invalid file: Pages/head.php
#0 C:\xampp\htdocs\lasBorregas\system\View\View.php(198): CodeIgniter\Exceptions\FrameworkException::forInvalidFile('Pages/head.php')
#1 C:\xampp\htdocs\lasBorregas\system\Common.php(1089): CodeIgniter\View\View->render('Pages/head', Array, true)
#2 C:\xampp\htdocs\lasBorregas\app\Controllers\AuthController.php(27): view('Pages/head')
#3 C:\xampp\htdocs\lasBorregas\system\CodeIgniter.php(825): App\Controllers\AuthController->login()
#4 C:\xampp\htdocs\lasBorregas\system\CodeIgniter.php(412): CodeIgniter\CodeIgniter->runController(Object(App\Controllers\AuthController))
#5 C:\xampp\htdocs\lasBorregas\system\CodeIgniter.php(320): CodeIgniter\CodeIgniter->handleRequest(NULL, Object(Config\Cache), false)
#6 C:\xampp\htdocs\lasBorregas\public\index.php(37): CodeIgniter\CodeIgniter->run()
#7 {main}
CRITICAL - 2022-03-23 18:40:11 --> syntax error, unexpected token "}", expecting ";"
#0 C:\xampp\htdocs\lasBorregas\system\Autoloader\Autoloader.php(241): CodeIgniter\Autoloader\Autoloader->includeFile('C:\\xampp\\htdocs...')
#1 C:\xampp\htdocs\lasBorregas\system\Autoloader\Autoloader.php(219): CodeIgniter\Autoloader\Autoloader->loadInNamespace('App\\Controllers...')
#2 [internal function]: CodeIgniter\Autoloader\Autoloader->loadClass('App\\Controllers...')
#3 C:\xampp\htdocs\lasBorregas\system\CodeIgniter.php(790): class_exists('\\App\\Controller...', true)
#4 C:\xampp\htdocs\lasBorregas\system\CodeIgniter.php(399): CodeIgniter\CodeIgniter->startController()
#5 C:\xampp\htdocs\lasBorregas\system\CodeIgniter.php(320): CodeIgniter\CodeIgniter->handleRequest(NULL, Object(Config\Cache), false)
#6 C:\xampp\htdocs\lasBorregas\public\index.php(37): CodeIgniter\CodeIgniter->run()
#7 {main}
CRITICAL - 2022-03-23 18:45:15 --> You must set the database table to be used with your query.
#0 C:\xampp\htdocs\lasBorregas\system\Model.php(545): CodeIgniter\Database\BaseConnection->table(NULL)
#1 C:\xampp\htdocs\lasBorregas\system\Model.php(333): CodeIgniter\Model->builder()
#2 C:\xampp\htdocs\lasBorregas\system\BaseModel.php(963): CodeIgniter\Model->doDelete(Array, false)
#3 C:\xampp\htdocs\lasBorregas\app\Controllers\ApiController.php(43): CodeIgniter\BaseModel->delete(Array)
#4 C:\xampp\htdocs\lasBorregas\system\CodeIgniter.php(825): App\Controllers\ApiController->deleteCliente('5')
#5 C:\xampp\htdocs\lasBorregas\system\CodeIgniter.php(412): CodeIgniter\CodeIgniter->runController(Object(App\Controllers\ApiController))
#6 C:\xampp\htdocs\lasBorregas\system\CodeIgniter.php(320): CodeIgniter\CodeIgniter->handleRequest(NULL, Object(Config\Cache), false)
#7 C:\xampp\htdocs\lasBorregas\public\index.php(37): CodeIgniter\CodeIgniter->run()
#8 {main}
ERROR - 2022-03-23 18:51:07 --> Cannot delete or update a parent row: a foreign key constraint fails (`bloquera`.`venta`, CONSTRAINT `fk_venta_cliente` FOREIGN KEY (`fk_id_cliente`) REFERENCES `cliente` (`id_cliente`))
CRITICAL - 2022-03-23 18:51:07 --> Cannot delete or update a parent row: a foreign key constraint fails (`bloquera`.`venta`, CONSTRAINT `fk_venta_cliente` FOREIGN KEY (`fk_id_cliente`) REFERENCES `cliente` (`id_cliente`))
#0 C:\xampp\htdocs\lasBorregas\system\Database\MySQLi\Connection.php(292): mysqli->query('DELETE FROM cli...', 0)
#1 C:\xampp\htdocs\lasBorregas\system\Database\BaseConnection.php(670): CodeIgniter\Database\MySQLi\Connection->execute('DELETE FROM cli...')
#2 C:\xampp\htdocs\lasBorregas\system\Database\BaseConnection.php(598): CodeIgniter\Database\BaseConnection->simpleQuery('DELETE FROM cli...')
#3 C:\xampp\htdocs\lasBorregas\app\Models\ClientesModel.php(24): CodeIgniter\Database\BaseConnection->query('DELETE FROM cli...')
#4 C:\xampp\htdocs\lasBorregas\app\Controllers\ApiController.php(44): App\Models\ClientesModel->deleteCliente('5')
#5 C:\xampp\htdocs\lasBorregas\system\CodeIgniter.php(825): App\Controllers\ApiController->deleteCliente('5')
#6 C:\xampp\htdocs\lasBorregas\system\CodeIgniter.php(412): CodeIgniter\CodeIgniter->runController(Object(App\Controllers\ApiController))
#7 C:\xampp\htdocs\lasBorregas\system\CodeIgniter.php(320): CodeIgniter\CodeIgniter->handleRequest(NULL, Object(Config\Cache), false)
#8 C:\xampp\htdocs\lasBorregas\public\index.php(37): CodeIgniter\CodeIgniter->run()
#9 {main}
ERROR - 2022-03-23 19:04:50 --> Cannot delete or update a parent row: a foreign key constraint fails (`bloquera`.`venta`, CONSTRAINT `fk_venta_cliente` FOREIGN KEY (`fk_id_cliente`) REFERENCES `cliente` (`id_cliente`))
CRITICAL - 2022-03-23 19:04:50 --> Cannot delete or update a parent row: a foreign key constraint fails (`bloquera`.`venta`, CONSTRAINT `fk_venta_cliente` FOREIGN KEY (`fk_id_cliente`) REFERENCES `cliente` (`id_cliente`))
#0 C:\xampp\htdocs\lasBorregas\system\Database\MySQLi\Connection.php(292): mysqli->query('DELETE FROM cli...', 0)
#1 C:\xampp\htdocs\lasBorregas\system\Database\BaseConnection.php(670): CodeIgniter\Database\MySQLi\Connection->execute('DELETE FROM cli...')
#2 C:\xampp\htdocs\lasBorregas\system\Database\BaseConnection.php(598): CodeIgniter\Database\BaseConnection->simpleQuery('DELETE FROM cli...')
#3 C:\xampp\htdocs\lasBorregas\app\Models\ClientesModel.php(25): CodeIgniter\Database\BaseConnection->query('DELETE FROM cli...')
#4 C:\xampp\htdocs\lasBorregas\app\Controllers\ApiController.php(44): App\Models\ClientesModel->deleteCliente('5')
#5 C:\xampp\htdocs\lasBorregas\system\CodeIgniter.php(825): App\Controllers\ApiController->deleteCliente('5')
#6 C:\xampp\htdocs\lasBorregas\system\CodeIgniter.php(412): CodeIgniter\CodeIgniter->runController(Object(App\Controllers\ApiController))
#7 C:\xampp\htdocs\lasBorregas\system\CodeIgniter.php(320): CodeIgniter\CodeIgniter->handleRequest(NULL, Object(Config\Cache), false)
#8 C:\xampp\htdocs\lasBorregas\public\index.php(37): CodeIgniter\CodeIgniter->run()
#9 {main}
ERROR - 2022-03-23 23:00:43 --> Unknown column 'cliente.deleted_at' in 'where clause'
CRITICAL - 2022-03-23 23:00:43 --> Unknown column 'cliente.deleted_at' in 'where clause'
#0 C:\xampp\htdocs\lasBorregas\system\Database\MySQLi\Connection.php(292): mysqli->query('SELECT *\nFROM `...', 0)
#1 C:\xampp\htdocs\lasBorregas\system\Database\BaseConnection.php(670): CodeIgniter\Database\MySQLi\Connection->execute('SELECT *\nFROM `...')
#2 C:\xampp\htdocs\lasBorregas\system\Database\BaseConnection.php(598): CodeIgniter\Database\BaseConnection->simpleQuery('SELECT *\nFROM `...')
#3 C:\xampp\htdocs\lasBorregas\system\Database\BaseBuilder.php(1455): CodeIgniter\Database\BaseConnection->query('SELECT *\nFROM `...', Array, false)
#4 C:\xampp\htdocs\lasBorregas\system\Model.php(210): CodeIgniter\Database\BaseBuilder->get()
#5 C:\xampp\htdocs\lasBorregas\system\BaseModel.php(622): CodeIgniter\Model->doFirst()
#6 C:\xampp\htdocs\lasBorregas\app\Models\ClientesModel.php(18): CodeIgniter\BaseModel->first()
#7 C:\xampp\htdocs\lasBorregas\app\Controllers\AuthController.php(16): App\Models\ClientesModel->obtenerCliente('omar')
#8 C:\xampp\htdocs\lasBorregas\system\CodeIgniter.php(825): App\Controllers\AuthController->login()
#9 C:\xampp\htdocs\lasBorregas\system\CodeIgniter.php(412): CodeIgniter\CodeIgniter->runController(Object(App\Controllers\AuthController))
#10 C:\xampp\htdocs\lasBorregas\system\CodeIgniter.php(320): CodeIgniter\CodeIgniter->handleRequest(NULL, Object(Config\Cache), false)
#11 C:\xampp\htdocs\lasBorregas\public\index.php(37): CodeIgniter\CodeIgniter->run()
#12 {main}
CRITICAL - 2022-03-23 23:01:33 --> Invalid file: Pages/head.php
#0 C:\xampp\htdocs\lasBorregas\system\View\View.php(198): CodeIgniter\Exceptions\FrameworkException::forInvalidFile('Pages/head.php')
#1 C:\xampp\htdocs\lasBorregas\system\Common.php(1089): CodeIgniter\View\View->render('Pages/head', Array, true)
#2 C:\xampp\htdocs\lasBorregas\app\Controllers\AuthController.php(27): view('Pages/head')
#3 C:\xampp\htdocs\lasBorregas\system\CodeIgniter.php(825): App\Controllers\AuthController->login()
#4 C:\xampp\htdocs\lasBorregas\system\CodeIgniter.php(412): CodeIgniter\CodeIgniter->runController(Object(App\Controllers\AuthController))
#5 C:\xampp\htdocs\lasBorregas\system\CodeIgniter.php(320): CodeIgniter\CodeIgniter->handleRequest(NULL, Object(Config\Cache), false)
#6 C:\xampp\htdocs\lasBorregas\public\index.php(37): CodeIgniter\CodeIgniter->run()
#7 {main}
CRITICAL - 2022-03-23 23:02:20 --> Invalid file: Pages/head.php
#0 C:\xampp\htdocs\lasBorregas\system\View\View.php(198): CodeIgniter\Exceptions\FrameworkException::forInvalidFile('Pages/head.php')
#1 C:\xampp\htdocs\lasBorregas\system\Common.php(1089): CodeIgniter\View\View->render('Pages/head', Array, true)
#2 C:\xampp\htdocs\lasBorregas\app\Controllers\AuthController.php(27): view('Pages/head')
#3 C:\xampp\htdocs\lasBorregas\system\CodeIgniter.php(825): App\Controllers\AuthController->login()
#4 C:\xampp\htdocs\lasBorregas\system\CodeIgniter.php(412): CodeIgniter\CodeIgniter->runController(Object(App\Controllers\AuthController))
#5 C:\xampp\htdocs\lasBorregas\system\CodeIgniter.php(320): CodeIgniter\CodeIgniter->handleRequest(NULL, Object(Config\Cache), false)
#6 C:\xampp\htdocs\lasBorregas\public\index.php(37): CodeIgniter\CodeIgniter->run()
#7 {main}
CRITICAL - 2022-03-23 23:06:10 --> Call to undefined method stdClass::getResult()
#0 C:\xampp\htdocs\lasBorregas\system\CodeIgniter.php(825): App\Controllers\AuthController->login()
#1 C:\xampp\htdocs\lasBorregas\system\CodeIgniter.php(412): CodeIgniter\CodeIgniter->runController(Object(App\Controllers\AuthController))
#2 C:\xampp\htdocs\lasBorregas\system\CodeIgniter.php(320): CodeIgniter\CodeIgniter->handleRequest(NULL, Object(Config\Cache), false)
#3 C:\xampp\htdocs\lasBorregas\public\index.php(37): CodeIgniter\CodeIgniter->run()
#4 {main}
CRITICAL - 2022-03-23 23:19:12 --> Undefined property: CodeIgniter\Database\MySQLi\Result::$contrasena
#0 C:\xampp\htdocs\lasBorregas\app\Controllers\AuthController.php(22): CodeIgniter\Debug\Exceptions->errorHandler(2, 'Undefined prope...', 'C:\\xampp\\htdocs...', 22)
#1 C:\xampp\htdocs\lasBorregas\system\CodeIgniter.php(825): App\Controllers\AuthController->login()
#2 C:\xampp\htdocs\lasBorregas\system\CodeIgniter.php(412): CodeIgniter\CodeIgniter->runController(Object(App\Controllers\AuthController))
#3 C:\xampp\htdocs\lasBorregas\system\CodeIgniter.php(320): CodeIgniter\CodeIgniter->handleRequest(NULL, Object(Config\Cache), false)
#4 C:\xampp\htdocs\lasBorregas\public\index.php(37): CodeIgniter\CodeIgniter->run()
#5 {main}
ERROR - 2022-03-23 23:25:57 --> Unknown column 'omar' in 'where clause'
CRITICAL - 2022-03-23 23:25:57 --> Unknown column 'omar' in 'where clause'
#0 C:\xampp\htdocs\lasBorregas\system\Database\MySQLi\Connection.php(292): mysqli->query('SELECT * FROM c...', 0)
#1 C:\xampp\htdocs\lasBorregas\system\Database\BaseConnection.php(670): CodeIgniter\Database\MySQLi\Connection->execute('SELECT * FROM c...')
#2 C:\xampp\htdocs\lasBorregas\system\Database\BaseConnection.php(598): CodeIgniter\Database\BaseConnection->simpleQuery('SELECT * FROM c...')
#3 C:\xampp\htdocs\lasBorregas\app\Models\ClientesModel.php(19): CodeIgniter\Database\BaseConnection->query('SELECT * FROM c...')
#4 C:\xampp\htdocs\lasBorregas\app\Controllers\AuthController.php(16): App\Models\ClientesModel->obtenerCliente('omar')
#5 C:\xampp\htdocs\lasBorregas\system\CodeIgniter.php(825): App\Controllers\AuthController->login()
#6 C:\xampp\htdocs\lasBorregas\system\CodeIgniter.php(412): CodeIgniter\CodeIgniter->runController(Object(App\Controllers\AuthController))
#7 C:\xampp\htdocs\lasBorregas\system\CodeIgniter.php(320): CodeIgniter\CodeIgniter->handleRequest(NULL, Object(Config\Cache), false)
#8 C:\xampp\htdocs\lasBorregas\public\index.php(37): CodeIgniter\CodeIgniter->run()
#9 {main}
ERROR - 2022-03-23 23:40:50 --> You have an error in your SQL syntax; check the manual that corresponds to your MariaDB server version for the right syntax to use near '' at line 3
CRITICAL - 2022-03-23 23:40:50 --> You have an error in your SQL syntax; check the manual that corresponds to your MariaDB server version for the right syntax to use near '' at line 3
#0 C:\xampp\htdocs\lasBorregas\system\Database\MySQLi\Connection.php(292): mysqli->query('UPDATE cliente ...', 0)
#1 C:\xampp\htdocs\lasBorregas\system\Database\BaseConnection.php(670): CodeIgniter\Database\MySQLi\Connection->execute('UPDATE cliente ...')
#2 C:\xampp\htdocs\lasBorregas\app\Models\ClientesModel.php(28): CodeIgniter\Database\BaseConnection->simpleQuery('UPDATE cliente ...')
#3 C:\xampp\htdocs\lasBorregas\app\Controllers\ApiController.php(44): App\Models\ClientesModel->deleteCliente('5')
#4 C:\xampp\htdocs\lasBorregas\system\CodeIgniter.php(825): App\Controllers\ApiController->deleteCliente('5')
#5 C:\xampp\htdocs\lasBorregas\system\CodeIgniter.php(412): CodeIgniter\CodeIgniter->runController(Object(App\Controllers\ApiController))
#6 C:\xampp\htdocs\lasBorregas\system\CodeIgniter.php(320): CodeIgniter\CodeIgniter->handleRequest(NULL, Object(Config\Cache), false)
#7 C:\xampp\htdocs\lasBorregas\public\index.php(37): CodeIgniter\CodeIgniter->run()
#8 {main}
